<?xml version="1.0" encoding="UTF-8"?>
<!-- Generated by org.testng.reporters.JUnitXMLReporter -->
<testsuite ignored="0" hostname="Vaibhavs-MacBook-Air.local" failures="0" tests="3" name="Default test" time="14.736" errors="0" timestamp="2023-04-11T21:13:03 IST">
  <testcase classname="Tests.SVGElementTest" name="testSVGGoogle" time="0.009"/>
  <testcase classname="Tests.SVGElementTest" name="verifyPageTitle" time="0.028"/>
  <testcase classname="Tests.SVGElementTest" name="searchText" time="0.957"/>
</testsuite> <!-- Default test -->
