<?xml version="1.0" encoding="UTF-8"?>
<testng-results ignored="0" total="3" passed="3" failed="0" skipped="0">
  <reporter-output>
  </reporter-output>
  <suite started-at="2023-04-11T21:12:43 IST" name="Default suite" finished-at="2023-04-11T21:12:58 IST" duration-ms="14736">
    <groups>
    </groups>
    <test started-at="2023-04-11T21:12:43 IST" name="Default test" finished-at="2023-04-11T21:12:58 IST" duration-ms="14736">
      <class name="Tests.SVGElementTest">
        <test-method is-config="true" signature="launchBrowser()[pri:0, instance:Tests.SVGElementTest@51c668e3]" started-at="2023-04-11T21:12:43 IST" name="launchBrowser" finished-at="2023-04-11T21:12:57 IST" duration-ms="13543" status="PASS">
          <reporter-output>
          </reporter-output>
        </test-method> <!-- launchBrowser -->
        <test-method signature="testSVGGoogle()[pri:0, instance:Tests.SVGElementTest@51c668e3]" started-at="2023-04-11T21:12:57 IST" name="testSVGGoogle" finished-at="2023-04-11T21:12:57 IST" duration-ms="9" status="PASS">
          <reporter-output>
          </reporter-output>
        </test-method> <!-- testSVGGoogle -->
        <test-method signature="verifyPageTitle()[pri:1, instance:Tests.SVGElementTest@51c668e3]" started-at="2023-04-11T21:12:57 IST" name="verifyPageTitle" finished-at="2023-04-11T21:12:57 IST" duration-ms="28" status="PASS">
          <reporter-output>
          </reporter-output>
        </test-method> <!-- verifyPageTitle -->
        <test-method signature="searchText()[pri:2, instance:Tests.SVGElementTest@51c668e3]" started-at="2023-04-11T21:12:57 IST" name="searchText" finished-at="2023-04-11T21:12:58 IST" duration-ms="957" status="PASS">
          <reporter-output>
          </reporter-output>
        </test-method> <!-- searchText -->
        <test-method is-config="true" signature="tearDown()[pri:0, instance:Tests.SVGElementTest@51c668e3]" started-at="2023-04-11T21:12:58 IST" name="tearDown" finished-at="2023-04-11T21:12:58 IST" duration-ms="133" status="PASS">
          <reporter-output>
          </reporter-output>
        </test-method> <!-- tearDown -->
      </class> <!-- Tests.SVGElementTest -->
    </test> <!-- Default test -->
  </suite> <!-- Default suite -->
</testng-results>
